{"/Users/lawrencetan/Downloads/react-hotel-booking-app/src/App.jsx": {"path":"/Users/lawrencetan/Downloads/react-hotel-booking-app/src/App.jsx","statementMap":{"0":{"start":{"line":6,"column":2},"end":{"line":13,"column":4}}},"fnMap":{"0":{"name":"App","decl":{"start":{"line":5,"column":9},"end":{"line":5,"column":12}},"loc":{"start":{"line":5,"column":15},"end":{"line":14,"column":1}},"line":5}},"branchMap":{},"s":{"0":0},"f":{"0":0},"b":{}}
,"/Users/lawrencetan/Downloads/react-hotel-booking-app/src/main.jsx": {"path":"/Users/lawrencetan/Downloads/react-hotel-booking-app/src/main.jsx","statementMap":{"0":{"start":{"line":6,"column":0},"end":{"line":10,"column":1}}},"fnMap":{},"branchMap":{},"s":{"0":0},"f":{},"b":{}}
,"/Users/lawrencetan/Downloads/react-hotel-booking-app/src/common/FilterListToggle/FilterListToggle.jsx": {"path":"/Users/lawrencetan/Downloads/react-hotel-booking-app/src/common/FilterListToggle/FilterListToggle.jsx","statementMap":{"0":{"start":{"line":3,"column":25},"end":{"line":13,"column":1}},"1":{"start":{"line":4,"column":2},"end":{"line":12,"column":4}},"2":{"start":{"line":7,"column":8},"end":{"line":9,"column":23}}},"fnMap":{"0":{"name":"(anonymous_0)","decl":{"start":{"line":3,"column":25},"end":{"line":3,"column":26}},"loc":{"start":{"line":3,"column":63},"end":{"line":13,"column":1}},"line":3},"1":{"name":"(anonymous_1)","decl":{"start":{"line":6,"column":19},"end":{"line":6,"column":20}},"loc":{"start":{"line":7,"column":8},"end":{"line":9,"column":23}},"line":7}},"branchMap":{},"s":{"0":0,"1":0,"2":0},"f":{"0":0,"1":0},"b":{}}
,"/Users/lawrencetan/Downloads/react-hotel-booking-app/src/common/SliderRange/SliderRange.jsx": {"path":"/Users/lawrencetan/Downloads/react-hotel-booking-app/src/common/SliderRange/SliderRange.jsx","statementMap":{"0":{"start":{"line":3,"column":20},"end":{"line":15,"column":1}},"1":{"start":{"line":4,"column":2},"end":{"line":14,"column":4}}},"fnMap":{"0":{"name":"(anonymous_0)","decl":{"start":{"line":3,"column":20},"end":{"line":3,"column":21}},"loc":{"start":{"line":3,"column":48},"end":{"line":15,"column":1}},"line":3}},"branchMap":{},"s":{"0":0,"1":0},"f":{"0":0},"b":{}}
,"/Users/lawrencetan/Downloads/react-hotel-booking-app/src/components/FilterPanel/FilterPanel.jsx": {"path":"/Users/lawrencetan/Downloads/react-hotel-booking-app/src/components/FilterPanel/FilterPanel.jsx","statementMap":{"0":{"start":{"line":6,"column":20},"end":{"line":28,"column":1}},"1":{"start":{"line":13,"column":2},"end":{"line":27,"column":8}}},"fnMap":{"0":{"name":"(anonymous_0)","decl":{"start":{"line":6,"column":20},"end":{"line":6,"column":21}},"loc":{"start":{"line":13,"column":2},"end":{"line":27,"column":8}},"line":13}},"branchMap":{},"s":{"0":0,"1":0},"f":{"0":0},"b":{}}
,"/Users/lawrencetan/Downloads/react-hotel-booking-app/src/components/Header/Header.jsx": {"path":"/Users/lawrencetan/Downloads/react-hotel-booking-app/src/components/Header/Header.jsx","statementMap":{"0":{"start":{"line":3,"column":15},"end":{"line":13,"column":1}},"1":{"start":{"line":4,"column":2},"end":{"line":12,"column":4}}},"fnMap":{"0":{"name":"(anonymous_0)","decl":{"start":{"line":3,"column":15},"end":{"line":3,"column":16}},"loc":{"start":{"line":3,"column":21},"end":{"line":13,"column":1}},"line":3}},"branchMap":{},"s":{"0":0,"1":0},"f":{"0":0},"b":{}}
,"/Users/lawrencetan/Downloads/react-hotel-booking-app/src/components/Home/Home.jsx": {"path":"/Users/lawrencetan/Downloads/react-hotel-booking-app/src/components/Home/Home.jsx","statementMap":{"0":{"start":{"line":8,"column":19},"end":{"line":8,"column":74}},"1":{"start":{"line":10,"column":13},"end":{"line":119,"column":1}},"2":{"start":{"line":11,"column":26},"end":{"line":11,"column":38}},"3":{"start":{"line":12,"column":46},"end":{"line":12,"column":60}},"4":{"start":{"line":13,"column":44},"end":{"line":13,"column":66}},"5":{"start":{"line":14,"column":42},"end":{"line":14,"column":56}},"6":{"start":{"line":15,"column":40},"end":{"line":15,"column":52}},"7":{"start":{"line":17,"column":29},"end":{"line":19,"column":3}},"8":{"start":{"line":18,"column":4},"end":{"line":18,"column":45}},"9":{"start":{"line":21,"column":28},"end":{"line":23,"column":3}},"10":{"start":{"line":22,"column":4},"end":{"line":22,"column":28}},"11":{"start":{"line":25,"column":23},"end":{"line":29,"column":3}},"12":{"start":{"line":26,"column":4},"end":{"line":26,"column":28}},"13":{"start":{"line":27,"column":4},"end":{"line":27,"column":35}},"14":{"start":{"line":28,"column":4},"end":{"line":28,"column":23}},"15":{"start":{"line":31,"column":2},"end":{"line":46,"column":9}},"16":{"start":{"line":32,"column":4},"end":{"line":45,"column":9}},"17":{"start":{"line":34,"column":8},"end":{"line":36,"column":9}},"18":{"start":{"line":35,"column":10},"end":{"line":35,"column":53}},"19":{"start":{"line":37,"column":8},"end":{"line":37,"column":31}},"20":{"start":{"line":40,"column":8},"end":{"line":40,"column":29}},"21":{"start":{"line":41,"column":8},"end":{"line":41,"column":25}},"22":{"start":{"line":44,"column":8},"end":{"line":44,"column":72}},"23":{"start":{"line":48,"column":2},"end":{"line":50,"column":51}},"24":{"start":{"line":49,"column":4},"end":{"line":49,"column":19}},"25":{"start":{"line":52,"column":23},"end":{"line":86,"column":3}},"26":{"start":{"line":54,"column":22},"end":{"line":54,"column":30}},"27":{"start":{"line":55,"column":4},"end":{"line":55,"column":64}},"28":{"start":{"line":58,"column":4},"end":{"line":62,"column":5}},"29":{"start":{"line":59,"column":6},"end":{"line":61,"column":8}},"30":{"start":{"line":60,"column":18},"end":{"line":60,"column":68}},"31":{"start":{"line":65,"column":4},"end":{"line":71,"column":5}},"32":{"start":{"line":66,"column":6},"end":{"line":70,"column":8}},"33":{"start":{"line":68,"column":10},"end":{"line":69,"column":12}},"34":{"start":{"line":74,"column":21},"end":{"line":74,"column":37}},"35":{"start":{"line":75,"column":21},"end":{"line":75,"column":37}},"36":{"start":{"line":77,"column":4},"end":{"line":79,"column":6}},"37":{"start":{"line":78,"column":16},"end":{"line":78,"column":64}},"38":{"start":{"line":81,"column":4},"end":{"line":81,"column":25}},"39":{"start":{"line":83,"column":4},"end":{"line":83,"column":73}},"40":{"start":{"line":85,"column":4},"end":{"line":85,"column":55}},"41":{"start":{"line":88,"column":2},"end":{"line":118,"column":4}},"42":{"start":{"line":93,"column":28},"end":{"line":93,"column":58}}},"fnMap":{"0":{"name":"(anonymous_0)","decl":{"start":{"line":10,"column":13},"end":{"line":10,"column":14}},"loc":{"start":{"line":10,"column":19},"end":{"line":119,"column":1}},"line":10},"1":{"name":"(anonymous_1)","decl":{"start":{"line":17,"column":29},"end":{"line":17,"column":30}},"loc":{"start":{"line":17,"column":40},"end":{"line":19,"column":3}},"line":17},"2":{"name":"(anonymous_2)","decl":{"start":{"line":21,"column":28},"end":{"line":21,"column":29}},"loc":{"start":{"line":21,"column":39},"end":{"line":23,"column":3}},"line":21},"3":{"name":"(anonymous_3)","decl":{"start":{"line":25,"column":23},"end":{"line":25,"column":24}},"loc":{"start":{"line":25,"column":29},"end":{"line":29,"column":3}},"line":25},"4":{"name":"(anonymous_4)","decl":{"start":{"line":31,"column":12},"end":{"line":31,"column":13}},"loc":{"start":{"line":31,"column":18},"end":{"line":46,"column":3}},"line":31},"5":{"name":"(anonymous_5)","decl":{"start":{"line":33,"column":12},"end":{"line":33,"column":13}},"loc":{"start":{"line":33,"column":26},"end":{"line":38,"column":7}},"line":33},"6":{"name":"(anonymous_6)","decl":{"start":{"line":39,"column":12},"end":{"line":39,"column":13}},"loc":{"start":{"line":39,"column":25},"end":{"line":42,"column":7}},"line":39},"7":{"name":"(anonymous_7)","decl":{"start":{"line":43,"column":13},"end":{"line":43,"column":14}},"loc":{"start":{"line":43,"column":24},"end":{"line":45,"column":7}},"line":43},"8":{"name":"(anonymous_8)","decl":{"start":{"line":48,"column":12},"end":{"line":48,"column":13}},"loc":{"start":{"line":48,"column":18},"end":{"line":50,"column":3}},"line":48},"9":{"name":"(anonymous_9)","decl":{"start":{"line":52,"column":23},"end":{"line":52,"column":24}},"loc":{"start":{"line":52,"column":29},"end":{"line":86,"column":3}},"line":52},"10":{"name":"(anonymous_10)","decl":{"start":{"line":60,"column":8},"end":{"line":60,"column":9}},"loc":{"start":{"line":60,"column":18},"end":{"line":60,"column":68}},"line":60},"11":{"name":"(anonymous_11)","decl":{"start":{"line":67,"column":8},"end":{"line":67,"column":9}},"loc":{"start":{"line":68,"column":10},"end":{"line":69,"column":12}},"line":68},"12":{"name":"(anonymous_12)","decl":{"start":{"line":78,"column":6},"end":{"line":78,"column":7}},"loc":{"start":{"line":78,"column":16},"end":{"line":78,"column":64}},"line":78},"13":{"name":"(anonymous_13)","decl":{"start":{"line":93,"column":21},"end":{"line":93,"column":22}},"loc":{"start":{"line":93,"column":28},"end":{"line":93,"column":58}},"line":93}},"branchMap":{"0":{"loc":{"start":{"line":18,"column":4},"end":{"line":18,"column":44}},"type":"cond-expr","locations":[{"start":{"line":18,"column":13},"end":{"line":18,"column":17}},{"start":{"line":18,"column":20},"end":{"line":18,"column":44}}],"line":18},"1":{"loc":{"start":{"line":34,"column":8},"end":{"line":36,"column":9}},"type":"if","locations":[{"start":{"line":34,"column":8},"end":{"line":36,"column":9}},{"start":{},"end":{}}],"line":34},"2":{"loc":{"start":{"line":58,"column":4},"end":{"line":62,"column":5}},"type":"if","locations":[{"start":{"line":58,"column":4},"end":{"line":62,"column":5}},{"start":{},"end":{}}],"line":58},"3":{"loc":{"start":{"line":65,"column":4},"end":{"line":71,"column":5}},"type":"if","locations":[{"start":{"line":65,"column":4},"end":{"line":71,"column":5}},{"start":{},"end":{}}],"line":65},"4":{"loc":{"start":{"line":78,"column":16},"end":{"line":78,"column":64}},"type":"binary-expr","locations":[{"start":{"line":78,"column":16},"end":{"line":78,"column":38}},{"start":{"line":78,"column":42},"end":{"line":78,"column":64}}],"line":78},"5":{"loc":{"start":{"line":83,"column":4},"end":{"line":83,"column":72}},"type":"cond-expr","locations":[{"start":{"line":83,"column":26},"end":{"line":83,"column":48}},{"start":{"line":83,"column":51},"end":{"line":83,"column":72}}],"line":83},"6":{"loc":{"start":{"line":110,"column":11},"end":{"line":114,"column":11}},"type":"cond-expr","locations":[{"start":{"line":111,"column":12},"end":{"line":111,"column":32}},{"start":{"line":113,"column":12},"end":{"line":113,"column":61}}],"line":110}},"s":{"0":0,"1":0,"2":0,"3":0,"4":0,"5":0,"6":0,"7":0,"8":0,"9":0,"10":0,"11":0,"12":0,"13":0,"14":0,"15":0,"16":0,"17":0,"18":0,"19":0,"20":0,"21":0,"22":0,"23":0,"24":0,"25":0,"26":0,"27":0,"28":0,"29":0,"30":0,"31":0,"32":0,"33":0,"34":0,"35":0,"36":0,"37":0,"38":0,"39":0,"40":0,"41":0,"42":0},"f":{"0":0,"1":0,"2":0,"3":0,"4":0,"5":0,"6":0,"7":0,"8":0,"9":0,"10":0,"11":0,"12":0,"13":0},"b":{"0":[0,0],"1":[0,0],"2":[0,0],"3":[0,0],"4":[0,0],"5":[0,0],"6":[0,0]}}
,"/Users/lawrencetan/Downloads/react-hotel-booking-app/src/components/List/List.jsx": {"path":"/Users/lawrencetan/Downloads/react-hotel-booking-app/src/components/List/List.jsx","statementMap":{"0":{"start":{"line":4,"column":13},"end":{"line":15,"column":1}},"1":{"start":{"line":6,"column":2},"end":{"line":6,"column":35}},"2":{"start":{"line":8,"column":2},"end":{"line":14,"column":4}},"3":{"start":{"line":11,"column":8},"end":{"line":11,"column":46}}},"fnMap":{"0":{"name":"(anonymous_0)","decl":{"start":{"line":4,"column":13},"end":{"line":4,"column":14}},"loc":{"start":{"line":4,"column":27},"end":{"line":15,"column":1}},"line":4},"1":{"name":"(anonymous_1)","decl":{"start":{"line":10,"column":16},"end":{"line":10,"column":17}},"loc":{"start":{"line":11,"column":8},"end":{"line":11,"column":46}},"line":11}},"branchMap":{},"s":{"0":0,"1":0,"2":0,"3":0},"f":{"0":0,"1":0},"b":{}}
,"/Users/lawrencetan/Downloads/react-hotel-booking-app/src/components/List/ListItem/ListItem.jsx": {"path":"/Users/lawrencetan/Downloads/react-hotel-booking-app/src/components/List/ListItem/ListItem.jsx","statementMap":{"0":{"start":{"line":3,"column":17},"end":{"line":24,"column":1}},"1":{"start":{"line":5,"column":2},"end":{"line":5,"column":64}},"2":{"start":{"line":7,"column":2},"end":{"line":23,"column":4}}},"fnMap":{"0":{"name":"(anonymous_0)","decl":{"start":{"line":3,"column":17},"end":{"line":3,"column":18}},"loc":{"start":{"line":3,"column":72},"end":{"line":24,"column":1}},"line":3}},"branchMap":{},"s":{"0":0,"1":0,"2":0},"f":{"0":0},"b":{}}
,"/Users/lawrencetan/Downloads/react-hotel-booking-app/src/components/SearchBar/SearchBar.jsx": {"path":"/Users/lawrencetan/Downloads/react-hotel-booking-app/src/components/SearchBar/SearchBar.jsx","statementMap":{"0":{"start":{"line":4,"column":18},"end":{"line":16,"column":1}},"1":{"start":{"line":5,"column":2},"end":{"line":15,"column":4}}},"fnMap":{"0":{"name":"(anonymous_0)","decl":{"start":{"line":4,"column":18},"end":{"line":4,"column":19}},"loc":{"start":{"line":4,"column":46},"end":{"line":16,"column":1}},"line":4}},"branchMap":{},"s":{"0":0,"1":0},"f":{"0":0},"b":{}}
,"/Users/lawrencetan/Downloads/react-hotel-booking-app/src/constants/index.jsx": {"path":"/Users/lawrencetan/Downloads/react-hotel-booking-app/src/constants/index.jsx","statementMap":{"0":{"start":{"line":1,"column":26},"end":{"line":27,"column":1}},"1":{"start":{"line":29,"column":24},"end":{"line":114,"column":1}}},"fnMap":{},"branchMap":{},"s":{"0":0,"1":0},"f":{},"b":{}}
}
